<?xml version="1.0" encoding="UTF-8"?>
<testsuite xmlns:xsi="http://www.w3.org/2001/XMLSchema-instance" xsi:noNamespaceSchemaLocation="https://maven.apache.org/surefire/maven-surefire-plugin/xsd/surefire-test-report-3.0.xsd" version="3.0" name="com.rkm.math.LowerMomentsTest" time="0.023" tests="7" errors="0" skipped="0" failures="0">
  <properties>
[...]
</properties>
  <testcase name="testKnownSequence" classname="com.rkm.math.LowerMomentsTest" time="0.004"/>
  <testcase name="testSingleSample" classname="com.rkm.math.LowerMomentsTest" time="0.002"/>
  <testcase name="testClear" classname="com.rkm.math.LowerMomentsTest" time="0.001"/>
  <testcase name="testGaussianDistribution" classname="com.rkm.math.LowerMomentsTest" time="0.003"/>
  <testcase name="testNegativeValues" classname="com.rkm.math.LowerMomentsTest" time="0.002"/>
  <testcase name="testTwoSamples" classname="com.rkm.math.LowerMomentsTest" time="0.001"/>
  <testcase name="testNanInfIgnored" classname="com.rkm.math.LowerMomentsTest" time="0.001"/>
</testsuite>